C:\Users\beermonster\source\repos\InvestmentForecast.Api\InvestmentForecaster\WebApp\dist\out-tsc\src\app\InvestmentForecast\forecast.form.viewmodel.js
C:\Users\beermonster\source\repos\InvestmentForecast.Api\InvestmentForecaster\WebApp\dist\out-tsc\src\app\InvestmentForecast\forecast.form.viewmodel.js.map
C:\Users\beermonster\source\repos\InvestmentForecast.Api\InvestmentForecaster\WebApp\dist\out-tsc\src\app\chart\chart.request.model.js
C:\Users\beermonster\source\repos\InvestmentForecast.Api\InvestmentForecaster\WebApp\dist\out-tsc\src\app\chart\chart.request.model.js.map
C:\Users\beermonster\source\repos\InvestmentForecast.Api\InvestmentForecaster\WebApp\dist\out-tsc\src\app\api\investment.forecast.service.model.js
C:\Users\beermonster\source\repos\InvestmentForecast.Api\InvestmentForecaster\WebApp\dist\out-tsc\src\app\api\investment.forecast.service.model.js.map
C:\Users\beermonster\source\repos\InvestmentForecast.Api\InvestmentForecaster\WebApp\dist\out-tsc\src\app\api\forecast.service.js
C:\Users\beermonster\source\repos\InvestmentForecast.Api\InvestmentForecaster\WebApp\dist\out-tsc\src\app\api\forecast.service.js.map
C:\Users\beermonster\source\repos\InvestmentForecast.Api\InvestmentForecaster\WebApp\dist\out-tsc\src\app\chart\line.chart.component.js
C:\Users\beermonster\source\repos\InvestmentForecast.Api\InvestmentForecaster\WebApp\dist\out-tsc\src\app\chart\line.chart.component.js.map
C:\Users\beermonster\source\repos\InvestmentForecast.Api\InvestmentForecaster\WebApp\dist\out-tsc\src\app\InvestmentForecast\forecast.form.component.js
C:\Users\beermonster\source\repos\InvestmentForecast.Api\InvestmentForecaster\WebApp\dist\out-tsc\src\app\InvestmentForecast\forecast.form.component.js.map
C:\Users\beermonster\source\repos\InvestmentForecast.Api\InvestmentForecaster\WebApp\dist\out-tsc\src\app\app.component.js
C:\Users\beermonster\source\repos\InvestmentForecast.Api\InvestmentForecaster\WebApp\dist\out-tsc\src\app\app.component.js.map
C:\Users\beermonster\source\repos\InvestmentForecast.Api\InvestmentForecaster\WebApp\dist\out-tsc\src\app\app.module.js
C:\Users\beermonster\source\repos\InvestmentForecast.Api\InvestmentForecaster\WebApp\dist\out-tsc\src\app\app.module.js.map
C:\Users\beermonster\source\repos\InvestmentForecast.Api\InvestmentForecaster\WebApp\dist\out-tsc\src\environments\environment.js
C:\Users\beermonster\source\repos\InvestmentForecast.Api\InvestmentForecaster\WebApp\dist\out-tsc\src\environments\environment.js.map
C:\Users\beermonster\source\repos\InvestmentForecast.Api\InvestmentForecaster\WebApp\dist\out-tsc\src\main.js
C:\Users\beermonster\source\repos\InvestmentForecast.Api\InvestmentForecaster\WebApp\dist\out-tsc\src\main.js.map
C:\Users\beermonster\source\repos\InvestmentForecast.Api\InvestmentForecaster\WebApp\dist\out-tsc\src\polyfills.js
C:\Users\beermonster\source\repos\InvestmentForecast.Api\InvestmentForecaster\WebApp\dist\out-tsc\src\polyfills.js.map
C:\Users\beermonster\source\repos\InvestmentForecast.Api\InvestmentForecaster\WebApp\dist\out-tsc\src\test.js
C:\Users\beermonster\source\repos\InvestmentForecast.Api\InvestmentForecaster\WebApp\dist\out-tsc\src\test.js.map
C:\Users\beermonster\source\repos\InvestmentForecast.Api\InvestmentForecaster\WebApp\dist\out-tsc\e2e\src\app.po.js
C:\Users\beermonster\source\repos\InvestmentForecast.Api\InvestmentForecaster\WebApp\dist\out-tsc\e2e\src\app.po.js.map
C:\Users\beermonster\source\repos\InvestmentForecast.Api\InvestmentForecaster\WebApp\dist\out-tsc\e2e\src\app.e2e-spec.js
C:\Users\beermonster\source\repos\InvestmentForecast.Api\InvestmentForecaster\WebApp\dist\out-tsc\e2e\src\app.e2e-spec.js.map
C:\Users\beermonster\source\repos\InvestmentForecast.Api\InvestmentForecaster\WebApp\dist\out-tsc\src\app\app.component.spec.js
C:\Users\beermonster\source\repos\InvestmentForecast.Api\InvestmentForecaster\WebApp\dist\out-tsc\src\app\app.component.spec.js.map
C:\Users\beermonster\source\repos\InvestmentForecast.Api\InvestmentForecaster\WebApp\dist\out-tsc\src\environments\environment.prod.js
C:\Users\beermonster\source\repos\InvestmentForecast.Api\InvestmentForecaster\WebApp\dist\out-tsc\src\environments\environment.prod.js.map
C:\Users\beermonster\source\repos\InvestmentForecast.Api\InvestmentForecaster\WebApp\dist\out-tsc\src\app\InvestmentForecast\forecast.form.component.spec.js
C:\Users\beermonster\source\repos\InvestmentForecast.Api\InvestmentForecaster\WebApp\dist\out-tsc\src\app\InvestmentForecast\forecast.form.component.spec.js.map
